<?xml version="1.0" encoding="UTF-8"?>
<!-- Generated by org.testng.reporters.JUnitReportReporter -->
<testsuite hostname="JIM-TI8227" name="TestScripts.Scenario_Login" tests="1" failures="0" timestamp="20 Feb 2016 02:58:36 GMT" time="15.251" errors="0">
  <testcase name="InvalidLogin" time="15.251" classname="TestScripts.Scenario_Login"/>
</testsuite> <!-- TestScripts.Scenario_Login -->
