<?xml version="1.0" encoding="UTF-8"?>
<!-- Generated by org.testng.reporters.JUnitReportReporter -->
<testsuite hostname="JIM-TI8227" name="testScript.Scenario_Login" tests="3" failures="0" timestamp="21 Feb 2016 07:45:36 GMT" time="44.895" errors="0">
  <testcase name="InvalidLogin" time="15.347" classname="testScript.Scenario_Login"/>
  <testcase name="ValidLogin" time="15.280" classname="testScript.Scenario_Login"/>
  <testcase name="InvalidLogin" time="14.268" classname="testScript.Scenario_Login"/>
</testsuite> <!-- testScript.Scenario_Login -->
